gcc2  -O  -c -O -DHAVE_CONFIG_H copy.c
/usr/include/gcc/darwin/2.95.2/g++/std/complext.h:40: undefined type, found `class'
/usr/include/gcc/darwin/2.95.2/g++/std/complext.h:41: undefined type, found `class'
/usr/include/gcc/darwin/2.95.2/g++/std/complext.h:44: illegal external declaration, missing `;' after `>'
/usr/include/gcc/darwin/2.95.2/g++/std/complext.h:45: illegal external declaration, missing `;' after `>'
/usr/include/gcc/darwin/2.95.2/g++/std/complext.h:46: illegal external declaration, missing `;' after `>'
/usr/include/gcc/darwin/2.95.2/g++/std/complext.h:47: undefined type, found `class'
/usr/include/gcc/darwin/2.95.2/g++/std/complext.h:47: illegal external declaration, missing `;' after `_FLT'
/usr/include/gcc/darwin/2.95.2/g++/std/complext.h:48: illegal external declaration, missing `;' after `>'
/usr/include/gcc/darwin/2.95.2/g++/std/complext.h:49: undefined type, found `class'
/usr/include/gcc/darwin/2.95.2/g++/std/complext.h:49: illegal external declaration, missing `;' after `_FLT'
/usr/include/gcc/darwin/2.95.2/g++/std/complext.h:50: illegal external declaration, missing `;' after `>'
/usr/include/gcc/darwin/2.95.2/g++/std/complext.h:51: undefined type, found `class'
/usr/include/gcc/darwin/2.95.2/g++/std/complext.h:51: illegal external declaration, missing `;' after `_FLT'
/usr/include/gcc/darwin/2.95.2/g++/std/complext.h:52: illegal external declaration, missing `;' after `>'
/usr/include/gcc/darwin/2.95.2/g++/std/complext.h:54: undefined type, found `class'
/usr/include/gcc/darwin/2.95.2/g++/std/complext.h:54: illegal external declaration, missing `;' after `_FLT'
/usr/include/gcc/darwin/2.95.2/g++/std/complext.h:55: undefined type, found `class'
/usr/include/gcc/darwin/2.95.2/g++/std/complext.h:55: illegal external declaration, missing `;' after `complex'
/usr/include/gcc/darwin/2.95.2/g++/std/complext.h:58: undefined type, found `_FLT'
/usr/include/gcc/darwin/2.95.2/g++/std/complext.h:58: illegal external declaration, missing `;' after `_FLT'
/usr/include/gcc/darwin/2.95.2/g++/std/complext.h:59: illegal external declaration, missing `;' after `complex'
/usr/include/gcc/darwin/2.95.2/g++/std/complext.h:59: illegal external declaration, missing `;' after `complex'
/usr/include/gcc/darwin/2.95.2/g++/std/complext.h:60: illegal external declaration, missing `;' after `complex'
/usr/include/gcc/darwin/2.95.2/g++/std/complext.h:60: illegal external declaration, missing `;' after `complex'
/usr/include/gcc/darwin/2.95.2/g++/std/complext.h:61: illegal external declaration, missing `;' after `complex'
/usr/include/gcc/darwin/2.95.2/g++/std/complext.h:61: illegal external declaration, missing `;' after `complex'
/usr/include/gcc/darwin/2.95.2/g++/std/complext.h:62: illegal external declaration, missing `;' after `complex'
/usr/include/gcc/darwin/2.95.2/g++/std/complext.h:62: illegal external declaration, missing `;' after `complex'
/usr/include/gcc/darwin/2.95.2/g++/std/complext.h:63: undefined type, found `_FLT'
/usr/include/gcc/darwin/2.95.2/g++/std/complext.h:64: undefined type, found `_FLT'
/usr/include/gcc/darwin/2.95.2/g++/std/complext.h:65: illegal external declaration, missing `;' after `private'
/usr/include/gcc/darwin/2.95.2/g++/std/complext.h:66: undefined type, found `_FLT'
/usr/include/gcc/darwin/2.95.2/g++/std/complext.h:68: undefined type, found `friend'
/usr/include/gcc/darwin/2.95.2/g++/std/complext.h:68: illegal external declaration, missing `;' after `complex'
/usr/include/gcc/darwin/2.95.2/g++/std/complext.h:68: undefined type, found `complex'
/usr/include/gcc/darwin/2.95.2/g++/std/complext.h:68: illegal declaration, missing name, found `,'
/usr/include/gcc/darwin/2.95.2/g++/std/complext.h:68: illegal external declaration, missing `;' after `complex'
/usr/include/gcc/darwin/2.95.2/g++/std/complext.h:69: undefined type, found `friend'
/usr/include/gcc/darwin/2.95.2/g++/std/complext.h:69: illegal external declaration, missing `;' after `complex'
/usr/include/gcc/darwin/2.95.2/g++/std/complext.h:69: undefined type, found `complex'
/usr/include/gcc/darwin/2.95.2/g++/std/complext.h:69: illegal declaration, missing name, found `,'
/usr/include/gcc/darwin/2.95.2/g++/std/complext.h:69: illegal external declaration, missing `;' after `complex'
/usr/include/gcc/darwin/2.95.2/g++/std/complext.h:70: undefined type, found `friend'
/usr/include/gcc/darwin/2.95.2/g++/std/complext.h:70: illegal external declaration, missing `;' after `complex'
/usr/include/gcc/darwin/2.95.2/g++/std/complext.h:70: undefined type, found `complex'
/usr/include/gcc/darwin/2.95.2/g++/std/complext.h:70: illegal declaration, missing name, found `,'
/usr/include/gcc/darwin/2.95.2/g++/std/complext.h:70: illegal external declaration, missing `;' after `complex'
/usr/include/gcc/darwin/2.95.2/g++/std/complext.h:71: undefined type, found `friend'
/usr/include/gcc/darwin/2.95.2/g++/std/complext.h:71: illegal external declaration, missing `;' after `complex'
/usr/include/gcc/darwin/2.95.2/g++/std/complext.h:71: undefined type, found `complex'
/usr/include/gcc/darwin/2.95.2/g++/std/complext.h:71: illegal declaration, missing name, found `,'
/usr/include/gcc/darwin/2.95.2/g++/std/complext.h:71: illegal external declaration, missing `;' after `complex'
/usr/include/gcc/darwin/2.95.2/g++/std/complext.h:75: undefined type, found `class'
/usr/include/gcc/darwin/2.95.2/g++/std/complext.h:76: undefined type, found `class'
/usr/include/gcc/darwin/2.95.2/g++/std/complext.h:77: undefined type, found `class'
/usr/include/gcc/darwin/2.95.2/g++/std/complext.h:79: illegal external declaration, missing `;' after `>'
/usr/include/gcc/darwin/2.95.2/g++/std/complext.h:80: illegal external declaration, missing `;' after `>'
/usr/include/gcc/darwin/2.95.2/g++/std/complext.h:81: illegal external declaration, missing `;' after `>'
/usr/include/gcc/darwin/2.95.2/g++/std/complext.h:87: undefined type, found `class'
/usr/include/gcc/darwin/2.95.2/g++/std/complext.h:87: illegal external declaration, missing `;' after `_FLT'
/usr/include/gcc/darwin/2.95.2/g++/std/complext.h:88: illegal external declaration, missing `;' after `>'
/usr/include/gcc/darwin/2.95.2/g++/std/complext.h:89: illegal external declaration, missing `;' after `>'
/usr/include/gcc/darwin/2.95.2/g++/std/complext.h:94: undefined type, found `class'
/usr/include/gcc/darwin/2.95.2/g++/std/complext.h:94: illegal external declaration, missing `;' after `_FLT'
/usr/include/gcc/darwin/2.95.2/g++/std/complext.h:95: illegal external declaration, missing `;' after `>'
/usr/include/gcc/darwin/2.95.2/g++/std/complext.h:96: illegal external declaration, missing `;' after `>'
/usr/include/gcc/darwin/2.95.2/g++/std/complext.h:102: undefined type, found `class'
/usr/include/gcc/darwin/2.95.2/g++/std/complext.h:102: illegal external declaration, missing `;' after `_FLT'
/usr/include/gcc/darwin/2.95.2/g++/std/complext.h:103: illegal external declaration, missing `;' after `>'
/usr/include/gcc/darwin/2.95.2/g++/std/complext.h:104: illegal external declaration, missing `;' after `>'
/usr/include/gcc/darwin/2.95.2/g++/std/complext.h:109: undefined type, found `class'
/usr/include/gcc/darwin/2.95.2/g++/std/complext.h:109: illegal external declaration, missing `;' after `_FLT'
/usr/include/gcc/darwin/2.95.2/g++/std/complext.h:110: illegal external declaration, missing `;' after `>'
/usr/include/gcc/darwin/2.95.2/g++/std/complext.h:111: illegal external declaration, missing `;' after `>'
/usr/include/gcc/darwin/2.95.2/g++/std/complext.h:113: undefined type, found `_FLT'
/usr/include/gcc/darwin/2.95.2/g++/std/complext.h:114: illegal external declaration, missing `;' after `ths'
/usr/include/gcc/darwin/2.95.2/g++/std/complext.h:114: undefined type, found `re'
/usr/include/gcc/darwin/2.95.2/g++/std/complext.h:114: illegal external declaration, missing `;' after `r'
/usr/include/gcc/darwin/2.95.2/g++/std/complext.h:114: illegal method definition, found `->'
/usr/include/gcc/darwin/2.95.2/g++/std/complext.h:114: illegal method definition, missing `{' after `re'
/usr/include/gcc/darwin/2.95.2/g++/std/complext.h:115: illegal external declaration, missing `;' after `ths'
/usr/include/gcc/darwin/2.95.2/g++/std/complext.h:118: undefined type, found `class'
/usr/include/gcc/darwin/2.95.2/g++/std/complext.h:118: illegal external declaration, missing `;' after `_FLT'
/usr/include/gcc/darwin/2.95.2/g++/std/complext.h:119: illegal external declaration, missing `;' after `>'
/usr/include/gcc/darwin/2.95.2/g++/std/complext.h:120: illegal external declaration, missing `;' after `>'
/usr/include/gcc/darwin/2.95.2/g++/std/complext.h:125: undefined type, found `class'
/usr/include/gcc/darwin/2.95.2/g++/std/complext.h:125: illegal external declaration, missing `;' after `_FLT'
/usr/include/gcc/darwin/2.95.2/g++/std/complext.h:126: illegal external declaration, missing `;' after `>'
/usr/include/gcc/darwin/2.95.2/g++/std/complext.h:127: illegal external declaration, missing `;' after `>'
/usr/include/gcc/darwin/2.95.2/g++/std/complext.h:132: undefined type, found `class'
/usr/include/gcc/darwin/2.95.2/g++/std/complext.h:132: illegal external declaration, missing `;' after `_FLT'
/usr/include/gcc/darwin/2.95.2/g++/std/complext.h:132: undefined type, found `_FLT'
/usr/include/gcc/darwin/2.95.2/g++/std/complext.h:133: syntax error, found `&'
/usr/include/gcc/darwin/2.95.2/g++/std/complext.h:133: illegal function definition, found `)'
/usr/include/gcc/darwin/2.95.2/g++/std/complext.h:135: undefined type, found `class'
/usr/include/gcc/darwin/2.95.2/g++/std/complext.h:135: illegal external declaration, missing `;' after `_FLT'
/usr/include/gcc/darwin/2.95.2/g++/std/complext.h:135: undefined type, found `_FLT'
/usr/include/gcc/darwin/2.95.2/g++/std/complext.h:136: syntax error, found `&'
/usr/include/gcc/darwin/2.95.2/g++/std/complext.h:136: illegal function definition, found `)'
/usr/include/gcc/darwin/2.95.2/g++/std/complext.h:141: undefined type, found `class'
/usr/include/gcc/darwin/2.95.2/g++/std/complext.h:141: illegal external declaration, missing `;' after `_FLT'
/usr/include/gcc/darwin/2.95.2/g++/std/complext.h:141: undefined type, found `_FLT'
/usr/include/gcc/darwin/2.95.2/g++/std/complext.h:142: syntax error, found `&'
/usr/include/gcc/darwin/2.95.2/g++/std/complext.h:142: illegal function definition, found `)'
/usr/include/gcc/darwin/2.95.2/g++/std/complext.h:144: undefined type, found `class'
/usr/include/gcc/darwin/2.95.2/g++/std/complext.h:144: illegal external declaration, missing `;' after `_FLT'
/usr/include/gcc/darwin/2.95.2/g++/std/complext.h:144: undefined type, found `_FLT'
/usr/include/gcc/darwin/2.95.2/g++/std/complext.h:145: syntax error, found `&'
/usr/include/gcc/darwin/2.95.2/g++/std/complext.h:145: illegal function definition, found `)'
/usr/include/gcc/darwin/2.95.2/g++/std/complext.h:150: undefined type, found `class'
/usr/include/gcc/darwin/2.95.2/g++/std/complext.h:150: illegal external declaration, missing `;' after `_FLT'
/usr/include/gcc/darwin/2.95.2/g++/std/complext.h:150: illegal external declaration, missing `;' after `>'
/usr/include/gcc/darwin/2.95.2/g++/std/complext.h:151: undefined type, found `complex'
/usr/include/gcc/darwin/2.95.2/g++/std/complext.h:151: syntax error, found `<'
/usr/include/gcc/darwin/2.95.2/g++/std/complext.h:151: illegal method selector, found `)'
/usr/include/gcc/darwin/2.95.2/g++/std/complext.h:151: illegal method definition, missing `{' after `)'
/usr/include/gcc/darwin/2.95.2/g++/std/complext.h:153: illegal external declaration, missing `;' after `>'
/usr/include/gcc/darwin/2.95.2/g++/std/complext.h:153: illegal external declaration, missing `;' after `>'
/usr/include/gcc/darwin/2.95.2/g++/std/complext.h:154: undefined type, found `complex'
/usr/include/gcc/darwin/2.95.2/g++/std/complext.h:154: syntax error, found `<'
/usr/include/gcc/darwin/2.95.2/g++/std/complext.h:154: illegal method selector, found `)'
/usr/include/gcc/darwin/2.95.2/g++/std/complext.h:159: illegal external declaration, missing `;' after `>'
/usr/include/gcc/darwin/2.95.2/g++/std/complext.h:159: illegal external declaration, missing `;' after `>'
/usr/include/gcc/darwin/2.95.2/g++/std/complext.h:160: undefined type, found `complex'
/usr/include/gcc/darwin/2.95.2/g++/std/complext.h:160: syntax error, found `<'
/usr/include/gcc/darwin/2.95.2/g++/std/complext.h:160: illegal method selector, found `)'
/usr/include/gcc/darwin/2.95.2/g++/std/complext.h:160: illegal method definition, missing `{' after `)'
/usr/include/gcc/darwin/2.95.2/g++/std/complext.h:162: illegal external declaration, missing `;' after `>'
/usr/include/gcc/darwin/2.95.2/g++/std/complext.h:162: illegal external declaration, missing `;' after `>'
/usr/include/gcc/darwin/2.95.2/g++/std/complext.h:163: undefined type, found `complex'
/usr/include/gcc/darwin/2.95.2/g++/std/complext.h:163: syntax error, found `<'
/usr/include/gcc/darwin/2.95.2/g++/std/complext.h:163: illegal method selector, found `)'
/usr/include/gcc/darwin/2.95.2/g++/std/complext.h:168: illegal external declaration, missing `;' after `>'
/usr/include/gcc/darwin/2.95.2/g++/std/complext.h:168: illegal external declaration, missing `;' after `>'
/usr/include/gcc/darwin/2.95.2/g++/std/complext.h:169: undefined type, found `_FLT'
/usr/include/gcc/darwin/2.95.2/g++/std/complext.h:169: syntax error, found `x'
/usr/include/gcc/darwin/2.95.2/g++/std/complext.h:169: illegal method selector, found `)'
/usr/include/gcc/darwin/2.95.2/g++/std/complext.h:169: illegal method definition, missing `{' after `)'
/usr/include/gcc/darwin/2.95.2/g++/std/complext.h:171: illegal external declaration, missing `;' after `>'
/usr/include/gcc/darwin/2.95.2/g++/std/complext.h:171: illegal external declaration, missing `;' after `>'
/usr/include/gcc/darwin/2.95.2/g++/std/complext.h:172: undefined type, found `_FLT'
/usr/include/gcc/darwin/2.95.2/g++/std/complext.h:172: syntax error, found `x'
/usr/include/gcc/darwin/2.95.2/g++/std/complext.h:172: illegal method selector, found `)'
/usr/include/gcc/darwin/2.95.2/g++/std/complext.h:177: illegal external declaration, missing `;' after `>'
/usr/include/gcc/darwin/2.95.2/g++/std/complext.h:177: illegal external declaration, missing `;' after `>'
/usr/include/gcc/darwin/2.95.2/g++/std/complext.h:178: undefined type, found `complex'
/usr/include/gcc/darwin/2.95.2/g++/std/complext.h:178: syntax error, found `<'
/usr/include/gcc/darwin/2.95.2/g++/std/complext.h:178: illegal method selector, found `)'
/usr/include/gcc/darwin/2.95.2/g++/std/complext.h:178: illegal method definition, missing `{' after `)'
/usr/include/gcc/darwin/2.95.2/g++/std/complext.h:180: illegal external declaration, missing `;' after `>'
/usr/include/gcc/darwin/2.95.2/g++/std/complext.h:180: illegal external declaration, missing `;' after `>'
/usr/include/gcc/darwin/2.95.2/g++/std/complext.h:181: undefined type, found `complex'
/usr/include/gcc/darwin/2.95.2/g++/std/complext.h:181: syntax error, found `<'
/usr/include/gcc/darwin/2.95.2/g++/std/complext.h:181: illegal method selector, found `)'
/usr/include/gcc/darwin/2.95.2/g++/std/complext.h:186: illegal external declaration, missing `;' after `>'
/usr/include/gcc/darwin/2.95.2/g++/std/complext.h:186: illegal external declaration, missing `;' after `>'
/usr/include/gcc/darwin/2.95.2/g++/std/complext.h:187: undefined type, found `complex'
/usr/include/gcc/darwin/2.95.2/g++/std/complext.h:187: syntax error, found `<'
/usr/include/gcc/darwin/2.95.2/g++/std/complext.h:187: illegal method selector, found `)'
/usr/include/gcc/darwin/2.95.2/g++/std/complext.h:187: illegal method definition, missing `{' after `)'
/usr/include/gcc/darwin/2.95.2/g++/std/complext.h:189: illegal external declaration, missing `;' after `>'
/usr/include/gcc/darwin/2.95.2/g++/std/complext.h:189: illegal external declaration, missing `;' after `>'
/usr/include/gcc/darwin/2.95.2/g++/std/complext.h:190: undefined type, found `complex'
/usr/include/gcc/darwin/2.95.2/g++/std/complext.h:190: syntax error, found `<'
/usr/include/gcc/darwin/2.95.2/g++/std/complext.h:190: illegal method selector, found `)'
/usr/include/gcc/darwin/2.95.2/g++/std/complext.h:195: illegal external declaration, missing `;' after `>'
/usr/include/gcc/darwin/2.95.2/g++/std/complext.h:195: illegal external declaration, missing `;' after `>'
/usr/include/gcc/darwin/2.95.2/g++/std/complext.h:196: undefined type, found `_FLT'
/usr/include/gcc/darwin/2.95.2/g++/std/complext.h:196: syntax error, found `x'
/usr/include/gcc/darwin/2.95.2/g++/std/complext.h:196: illegal method selector, found `)'
/usr/include/gcc/darwin/2.95.2/g++/std/complext.h:196: illegal method definition, missing `{' after `)'
/usr/include/gcc/darwin/2.95.2/g++/std/complext.h:198: illegal external declaration, missing `;' after `>'
/usr/include/gcc/darwin/2.95.2/g++/std/complext.h:198: illegal external declaration, missing `;' after `>'
/usr/include/gcc/darwin/2.95.2/g++/std/complext.h:199: undefined type, found `_FLT'
/usr/include/gcc/darwin/2.95.2/g++/std/complext.h:199: syntax error, found `x'
/usr/include/gcc/darwin/2.95.2/g++/std/complext.h:199: illegal method selector, found `)'
/usr/include/gcc/darwin/2.95.2/g++/std/complext.h:204: illegal external declaration, missing `;' after `>'
/usr/include/gcc/darwin/2.95.2/g++/std/complext.h:204: illegal external declaration, missing `;' after `>'
/usr/include/gcc/darwin/2.95.2/g++/std/complext.h:205: syntax error, found `&'
/usr/include/gcc/darwin/2.95.2/g++/std/complext.h:205: illegal external declaration, missing `;' after `y'
/usr/include/gcc/darwin/2.95.2/g++/std/complext.h:207: undefined type, found `class'
/usr/include/gcc/darwin/2.95.2/g++/std/complext.h:207: illegal external declaration, missing `;' after `_FLT'
/usr/include/gcc/darwin/2.95.2/g++/std/complext.h:207: illegal external declaration, missing `;' after `>'
/usr/include/gcc/darwin/2.95.2/g++/std/complext.h:208: syntax error, found `&'
/usr/include/gcc/darwin/2.95.2/g++/std/complext.h:208: illegal external declaration, missing `;' after `y'
/usr/include/gcc/darwin/2.95.2/g++/std/complext.h:210: illegal method definition, found `('
/usr/include/gcc/darwin/2.95.2/g++/std/complext.h:211: illegal method definition, missing `{' after `)'
/usr/include/gcc/darwin/2.95.2/g++/std/complext.h:214: illegal external declaration, missing `;' after `>'
/usr/include/gcc/darwin/2.95.2/g++/std/complext.h:214: illegal external declaration, missing `;' after `>'
/usr/include/gcc/darwin/2.95.2/g++/std/complext.h:215: syntax error, found `&'
/usr/include/gcc/darwin/2.95.2/g++/std/complext.h:215: illegal external declaration, missing `;' after `y'
/usr/include/gcc/darwin/2.95.2/g++/std/complext.h:217: undefined type, found `class'
/usr/include/gcc/darwin/2.95.2/g++/std/complext.h:217: illegal external declaration, missing `;' after `_FLT'
/usr/include/gcc/darwin/2.95.2/g++/std/complext.h:217: illegal external declaration, missing `;' after `>'
/usr/include/gcc/darwin/2.95.2/g++/std/complext.h:218: syntax error, found `&'
/usr/include/gcc/darwin/2.95.2/g++/std/complext.h:218: illegal external declaration, missing `;' after `y'
/usr/include/gcc/darwin/2.95.2/g++/std/complext.h:223: undefined type, found `class'
/usr/include/gcc/darwin/2.95.2/g++/std/complext.h:223: illegal external declaration, missing `;' after `_FLT'
/usr/include/gcc/darwin/2.95.2/g++/std/complext.h:223: illegal external declaration, missing `;' after `>'
/usr/include/gcc/darwin/2.95.2/g++/std/complext.h:224: syntax error, found `x'
/usr/include/gcc/darwin/2.95.2/g++/std/complext.h:224: illegal external declaration, missing `;' after `y'
/usr/include/gcc/darwin/2.95.2/g++/std/complext.h:226: undefined type, found `class'
/usr/include/gcc/darwin/2.95.2/g++/std/complext.h:226: illegal external declaration, missing `;' after `_FLT'
/usr/include/gcc/darwin/2.95.2/g++/std/complext.h:226: illegal external declaration, missing `;' after `>'
/usr/include/gcc/darwin/2.95.2/g++/std/complext.h:227: syntax error, found `x'
/usr/include/gcc/darwin/2.95.2/g++/std/complext.h:227: illegal external declaration, missing `;' after `y'
/usr/include/gcc/darwin/2.95.2/g++/std/complext.h:229: undefined type, found `x'
/usr/include/gcc/darwin/2.95.2/g++/std/complext.h:229: illegal external declaration, missing `;' after `x'
/usr/include/gcc/darwin/2.95.2/g++/std/complext.h:232: undefined type, found `class'
/usr/include/gcc/darwin/2.95.2/g++/std/complext.h:232: illegal external declaration, missing `;' after `_FLT'
/usr/include/gcc/darwin/2.95.2/g++/std/complext.h:233: illegal external declaration, missing `;' after `>'
/usr/include/gcc/darwin/2.95.2/g++/std/complext.h:233: undefined type, found `_FLT'
/usr/include/gcc/darwin/2.95.2/g++/std/complext.h:233: illegal external declaration, missing `;' after `y'
/usr/include/gcc/darwin/2.95.2/g++/std/complext.h:235: undefined type, found `class'
/usr/include/gcc/darwin/2.95.2/g++/std/complext.h:235: illegal external declaration, missing `;' after `_FLT'
/usr/include/gcc/darwin/2.95.2/g++/std/complext.h:236: illegal external declaration, missing `;' after `>'
/usr/include/gcc/darwin/2.95.2/g++/std/complext.h:236: undefined type, found `_FLT'
/usr/include/gcc/darwin/2.95.2/g++/std/complext.h:236: illegal external declaration, missing `;' after `y'
/usr/include/gcc/darwin/2.95.2/g++/std/complext.h:241: undefined type, found `class'
/usr/include/gcc/darwin/2.95.2/g++/std/complext.h:241: illegal external declaration, missing `;' after `_FLT'
/usr/include/gcc/darwin/2.95.2/g++/std/complext.h:241: illegal external declaration, missing `;' after `>'
/usr/include/gcc/darwin/2.95.2/g++/std/complext.h:242: undefined type, found `complex'
/usr/include/gcc/darwin/2.95.2/g++/std/complext.h:242: syntax error, found `<'
/usr/include/gcc/darwin/2.95.2/g++/std/complext.h:242: illegal method selector, found `)'
/usr/include/gcc/darwin/2.95.2/g++/std/complext.h:242: illegal method definition, missing `{' after `)'
/usr/include/gcc/darwin/2.95.2/g++/std/complext.h:244: illegal external declaration, missing `;' after `>'
/usr/include/gcc/darwin/2.95.2/g++/std/complext.h:244: illegal external declaration, missing `;' after `>'
/usr/include/gcc/darwin/2.95.2/g++/std/complext.h:245: undefined type, found `complex'
/usr/include/gcc/darwin/2.95.2/g++/std/complext.h:245: syntax error, found `<'
/usr/include/gcc/darwin/2.95.2/g++/std/complext.h:245: illegal method selector, found `)'
/usr/include/gcc/darwin/2.95.2/g++/std/complext.h:250: illegal external declaration, missing `;' after `>'
/usr/include/gcc/darwin/2.95.2/g++/std/complext.h:250: illegal external declaration, missing `;' after `>'
/usr/include/gcc/darwin/2.95.2/g++/std/complext.h:251: undefined type, found `complex'
/usr/include/gcc/darwin/2.95.2/g++/std/complext.h:251: syntax error, found `<'
/usr/include/gcc/darwin/2.95.2/g++/std/complext.h:251: illegal method selector, found `)'
/usr/include/gcc/darwin/2.95.2/g++/std/complext.h:251: illegal method definition, missing `{' after `)'
/usr/include/gcc/darwin/2.95.2/g++/std/complext.h:253: illegal external declaration, missing `;' after `>'
/usr/include/gcc/darwin/2.95.2/g++/std/complext.h:253: illegal external declaration, missing `;' after `>'
/usr/include/gcc/darwin/2.95.2/g++/std/complext.h:254: undefined type, found `complex'
/usr/include/gcc/darwin/2.95.2/g++/std/complext.h:254: syntax error, found `<'
/usr/include/gcc/darwin/2.95.2/g++/std/complext.h:254: illegal method selector, found `)'
/usr/include/gcc/darwin/2.95.2/g++/std/complext.h:259: illegal external declaration, missing `;' after `>'
/usr/include/gcc/darwin/2.95.2/g++/std/complext.h:259: undefined type, found `bool'
/usr/include/gcc/darwin/2.95.2/g++/std/complext.h:260: illegal external declaration, missing `;' after `operator'
/usr/include/gcc/darwin/2.95.2/g++/std/complext.h:260: illegal external declaration, missing `;' after `>'
/usr/include/gcc/darwin/2.95.2/g++/std/complext.h:260: illegal external declaration, missing `;' after `>'
/usr/include/gcc/darwin/2.95.2/g++/std/complext.h:262: undefined type, found `class'
/usr/include/gcc/darwin/2.95.2/g++/std/complext.h:262: illegal external declaration, missing `;' after `_FLT'
/usr/include/gcc/darwin/2.95.2/g++/std/complext.h:262: undefined type, found `bool'
/usr/include/gcc/darwin/2.95.2/g++/std/complext.h:263: illegal external declaration, missing `;' after `operator'
/usr/include/gcc/darwin/2.95.2/g++/std/complext.h:263: illegal external declaration, missing `;' after `>'
/usr/include/gcc/darwin/2.95.2/g++/std/complext.h:263: illegal external declaration, missing `;' after `>'
/usr/include/gcc/darwin/2.95.2/g++/std/complext.h:268: undefined type, found `class'
/usr/include/gcc/darwin/2.95.2/g++/std/complext.h:268: illegal external declaration, missing `;' after `_FLT'
/usr/include/gcc/darwin/2.95.2/g++/std/complext.h:268: undefined type, found `bool'
/usr/include/gcc/darwin/2.95.2/g++/std/complext.h:269: illegal external declaration, missing `;' after `operator'
/usr/include/gcc/darwin/2.95.2/g++/std/complext.h:269: illegal external declaration, missing `;' after `>'
/usr/include/gcc/darwin/2.95.2/g++/std/complext.h:269: undefined type, found `_FLT'
/usr/include/gcc/darwin/2.95.2/g++/std/complext.h:269: illegal external declaration, missing `;' after `y'
/usr/include/gcc/darwin/2.95.2/g++/std/complext.h:271: undefined type, found `class'
/usr/include/gcc/darwin/2.95.2/g++/std/complext.h:271: illegal external declaration, missing `;' after `_FLT'
/usr/include/gcc/darwin/2.95.2/g++/std/complext.h:271: undefined type, found `bool'
/usr/include/gcc/darwin/2.95.2/g++/std/complext.h:272: illegal external declaration, missing `;' after `operator'
/usr/include/gcc/darwin/2.95.2/g++/std/complext.h:272: illegal external declaration, missing `;' after `>'
/usr/include/gcc/darwin/2.95.2/g++/std/complext.h:272: undefined type, found `_FLT'
/usr/include/gcc/darwin/2.95.2/g++/std/complext.h:272: illegal external declaration, missing `;' after `y'
/usr/include/gcc/darwin/2.95.2/g++/std/complext.h:277: undefined type, found `class'
/usr/include/gcc/darwin/2.95.2/g++/std/complext.h:277: illegal external declaration, missing `;' after `_FLT'
/usr/include/gcc/darwin/2.95.2/g++/std/complext.h:277: undefined type, found `bool'
/usr/include/gcc/darwin/2.95.2/g++/std/complext.h:278: illegal external declaration, missing `;' after `operator'
/usr/include/gcc/darwin/2.95.2/g++/std/complext.h:278: undefined type, found `_FLT'
/usr/include/gcc/darwin/2.95.2/g++/std/complext.h:278: illegal external declaration, missing `;' after `>'
/usr/include/gcc/darwin/2.95.2/g++/std/complext.h:280: undefined type, found `class'
/usr/include/gcc/darwin/2.95.2/g++/std/complext.h:280: illegal external declaration, missing `;' after `_FLT'
/usr/include/gcc/darwin/2.95.2/g++/std/complext.h:280: undefined type, found `bool'
/usr/include/gcc/darwin/2.95.2/g++/std/complext.h:281: illegal external declaration, missing `;' after `operator'
/usr/include/gcc/darwin/2.95.2/g++/std/complext.h:281: undefined type, found `_FLT'
/usr/include/gcc/darwin/2.95.2/g++/std/complext.h:281: illegal external declaration, missing `;' after `>'
/usr/include/gcc/darwin/2.95.2/g++/std/complext.h:286: undefined type, found `class'
/usr/include/gcc/darwin/2.95.2/g++/std/complext.h:286: illegal external declaration, missing `;' after `_FLT'
/usr/include/gcc/darwin/2.95.2/g++/std/complext.h:286: undefined type, found `bool'
/usr/include/gcc/darwin/2.95.2/g++/std/complext.h:287: illegal external declaration, missing `;' after `operator'
/usr/include/gcc/darwin/2.95.2/g++/std/complext.h:287: illegal external declaration, missing `;' after `>'
/usr/include/gcc/darwin/2.95.2/g++/std/complext.h:287: illegal external declaration, missing `;' after `>'
/usr/include/gcc/darwin/2.95.2/g++/std/complext.h:289: undefined type, found `class'
/usr/include/gcc/darwin/2.95.2/g++/std/complext.h:289: illegal external declaration, missing `;' after `_FLT'
/usr/include/gcc/darwin/2.95.2/g++/std/complext.h:289: undefined type, found `bool'
/usr/include/gcc/darwin/2.95.2/g++/std/complext.h:290: illegal external declaration, missing `;' after `operator'
/usr/include/gcc/darwin/2.95.2/g++/std/complext.h:290: illegal external declaration, missing `;' after `>'
/usr/include/gcc/darwin/2.95.2/g++/std/complext.h:290: illegal external declaration, missing `;' after `>'
/usr/include/gcc/darwin/2.95.2/g++/std/complext.h:295: undefined type, found `class'
/usr/include/gcc/darwin/2.95.2/g++/std/complext.h:295: illegal external declaration, missing `;' after `_FLT'
/usr/include/gcc/darwin/2.95.2/g++/std/complext.h:295: undefined type, found `bool'
/usr/include/gcc/darwin/2.95.2/g++/std/complext.h:296: illegal external declaration, missing `;' after `operator'
/usr/include/gcc/darwin/2.95.2/g++/std/complext.h:296: illegal external declaration, missing `;' after `>'
/usr/include/gcc/darwin/2.95.2/g++/std/complext.h:296: undefined type, found `_FLT'
/usr/include/gcc/darwin/2.95.2/g++/std/complext.h:296: illegal external declaration, missing `;' after `y'
/usr/include/gcc/darwin/2.95.2/g++/std/complext.h:298: undefined type, found `class'
/usr/include/gcc/darwin/2.95.2/g++/std/complext.h:298: illegal external declaration, missing `;' after `_FLT'
/usr/include/gcc/darwin/2.95.2/g++/std/complext.h:298: undefined type, found `bool'
/usr/include/gcc/darwin/2.95.2/g++/std/complext.h:299: illegal external declaration, missing `;' after `operator'
/usr/include/gcc/darwin/2.95.2/g++/std/complext.h:299: illegal external declaration, missing `;' after `>'
/usr/include/gcc/darwin/2.95.2/g++/std/complext.h:299: undefined type, found `_FLT'
/usr/include/gcc/darwin/2.95.2/g++/std/complext.h:299: illegal external declaration, missing `;' after `y'
/usr/include/gcc/darwin/2.95.2/g++/std/complext.h:304: undefined type, found `class'
/usr/include/gcc/darwin/2.95.2/g++/std/complext.h:304: illegal external declaration, missing `;' after `_FLT'
/usr/include/gcc/darwin/2.95.2/g++/std/complext.h:304: undefined type, found `bool'
/usr/include/gcc/darwin/2.95.2/g++/std/complext.h:305: illegal external declaration, missing `;' after `operator'
/usr/include/gcc/darwin/2.95.2/g++/std/complext.h:305: undefined type, found `_FLT'
/usr/include/gcc/darwin/2.95.2/g++/std/complext.h:305: illegal external declaration, missing `;' after `>'
/usr/include/gcc/darwin/2.95.2/g++/std/complext.h:307: undefined type, found `class'
/usr/include/gcc/darwin/2.95.2/g++/std/complext.h:307: illegal external declaration, missing `;' after `_FLT'
/usr/include/gcc/darwin/2.95.2/g++/std/complext.h:307: undefined type, found `bool'
/usr/include/gcc/darwin/2.95.2/g++/std/complext.h:308: illegal external declaration, missing `;' after `operator'
/usr/include/gcc/darwin/2.95.2/g++/std/complext.h:308: undefined type, found `_FLT'
/usr/include/gcc/darwin/2.95.2/g++/std/complext.h:308: illegal external declaration, missing `;' after `>'
/usr/include/gcc/darwin/2.95.2/g++/std/complext.h:316: illegal external declaration, missing `;' after `>'
/usr/include/gcc/darwin/2.95.2/g++/std/complext.h:316: undefined type, found `_FLT'
/usr/include/gcc/darwin/2.95.2/g++/std/complext.h:317: syntax error, found `&'
/usr/include/gcc/darwin/2.95.2/g++/std/complext.h:317: illegal function definition, found `)'
/usr/include/gcc/darwin/2.95.2/g++/std/complext.h:319: undefined type, found `class'
/usr/include/gcc/darwin/2.95.2/g++/std/complext.h:319: illegal external declaration, missing `;' after `_FLT'
/usr/include/gcc/darwin/2.95.2/g++/std/complext.h:319: undefined type, found `_FLT'
/usr/include/gcc/darwin/2.95.2/g++/std/complext.h:320: syntax error, found `&'
/usr/include/gcc/darwin/2.95.2/g++/std/complext.h:320: illegal function definition, found `)'
/usr/include/gcc/darwin/2.95.2/g++/std/complext.h:325: undefined type, found `class'
/usr/include/gcc/darwin/2.95.2/g++/std/complext.h:325: illegal external declaration, missing `;' after `_FLT'
/usr/include/gcc/darwin/2.95.2/g++/std/complext.h:325: undefined type, found `_FLT'
/usr/include/gcc/darwin/2.95.2/g++/std/complext.h:326: syntax error, found `&'
/usr/include/gcc/darwin/2.95.2/g++/std/complext.h:326: illegal function definition, found `)'
/usr/include/gcc/darwin/2.95.2/g++/std/complext.h:328: undefined type, found `class'
/usr/include/gcc/darwin/2.95.2/g++/std/complext.h:328: illegal external declaration, missing `;' after `_FLT'
/usr/include/gcc/darwin/2.95.2/g++/std/complext.h:328: undefined type, found `_FLT'
/usr/include/gcc/darwin/2.95.2/g++/std/complext.h:329: syntax error, found `&'
/usr/include/gcc/darwin/2.95.2/g++/std/complext.h:329: illegal function definition, found `)'
/usr/include/gcc/darwin/2.95.2/g++/std/complext.h:334: undefined type, found `class'
/usr/include/gcc/darwin/2.95.2/g++/std/complext.h:334: illegal external declaration, missing `;' after `_FLT'
/usr/include/gcc/darwin/2.95.2/g++/std/complext.h:334: illegal external declaration, missing `;' after `>'
/usr/include/gcc/darwin/2.95.2/g++/std/complext.h:335: undefined type, found `_FLT'
/usr/include/gcc/darwin/2.95.2/g++/std/complext.h:335: illegal external declaration, missing `;' after `_FLT'
/usr/include/gcc/darwin/2.95.2/g++/std/complext.h:337: undefined type, found `class'
/usr/include/gcc/darwin/2.95.2/g++/std/complext.h:337: illegal external declaration, missing `;' after `_FLT'
/usr/include/gcc/darwin/2.95.2/g++/std/complext.h:337: illegal external declaration, missing `;' after `>'
/usr/include/gcc/darwin/2.95.2/g++/std/complext.h:338: undefined type, found `_FLT'
/usr/include/gcc/darwin/2.95.2/g++/std/complext.h:338: illegal external declaration, missing `;' after `_FLT'
/usr/include/gcc/darwin/2.95.2/g++/std/complext.h:340: undefined type, found `r'
/usr/include/gcc/darwin/2.95.2/g++/std/complext.h:340: illegal external declaration, missing `;' after `r'
/usr/include/gcc/darwin/2.95.2/g++/std/complext.h:343: undefined type, found `class'
/usr/include/gcc/darwin/2.95.2/g++/std/complext.h:343: illegal external declaration, missing `;' after `_FLT'
/usr/include/gcc/darwin/2.95.2/g++/std/complext.h:343: illegal external declaration, missing `;' after `>'
/usr/include/gcc/darwin/2.95.2/g++/std/complext.h:344: illegal external declaration, missing `;' after `>'
/usr/include/gcc/darwin/2.95.2/g++/std/complext.h:346: undefined type, found `class'
/usr/include/gcc/darwin/2.95.2/g++/std/complext.h:346: illegal external declaration, missing `;' after `_FLT'
/usr/include/gcc/darwin/2.95.2/g++/std/complext.h:346: illegal external declaration, missing `;' after `>'
/usr/include/gcc/darwin/2.95.2/g++/std/complext.h:347: illegal external declaration, missing `;' after `>'
/usr/include/gcc/darwin/2.95.2/g++/std/complext.h:349: illegal method definition, found `('
/usr/include/gcc/darwin/2.95.2/g++/std/complext.h:349: illegal method definition, missing `{' after `)'
/usr/include/gcc/darwin/2.95.2/g++/std/complext.h:352: illegal external declaration, missing `;' after `>'
/usr/include/gcc/darwin/2.95.2/g++/std/complext.h:352: undefined type, found `_FLT'
/usr/include/gcc/darwin/2.95.2/g++/std/complext.h:353: syntax error, found `&'
/usr/include/gcc/darwin/2.95.2/g++/std/complext.h:353: illegal function definition, found `)'
/usr/include/gcc/darwin/2.95.2/g++/std/complext.h:355: undefined type, found `class'
/usr/include/gcc/darwin/2.95.2/g++/std/complext.h:355: illegal external declaration, missing `;' after `_FLT'
/usr/include/gcc/darwin/2.95.2/g++/std/complext.h:355: undefined type, found `_FLT'
/usr/include/gcc/darwin/2.95.2/g++/std/complext.h:356: syntax error, found `&'
/usr/include/gcc/darwin/2.95.2/g++/std/complext.h:356: illegal function definition, found `)'
/usr/include/gcc/darwin/2.95.2/g++/std/complext.h:358: illegal method definition, found `('
/usr/include/gcc/darwin/2.95.2/g++/std/complext.h:358: illegal method definition, missing `{' after `)'
/usr/include/gcc/darwin/2.95.2/g++/std/complext.h:363: illegal external declaration, missing `;' after `>'
/usr/include/gcc/darwin/2.95.2/g++/std/complext.h:364: illegal external declaration, missing `;' after `>'
/usr/include/gcc/darwin/2.95.2/g++/std/complext.h:364: illegal external declaration, missing `;' after `>'
/usr/include/gcc/darwin/2.95.2/g++/std/complext.h:365: undefined type, found `class'
/usr/include/gcc/darwin/2.95.2/g++/std/complext.h:365: illegal external declaration, missing `;' after `_FLT'
/usr/include/gcc/darwin/2.95.2/g++/std/complext.h:366: illegal external declaration, missing `;' after `>'
/usr/include/gcc/darwin/2.95.2/g++/std/complext.h:367: undefined type, found `class'
/usr/include/gcc/darwin/2.95.2/g++/std/complext.h:367: illegal external declaration, missing `;' after `_FLT'
/usr/include/gcc/darwin/2.95.2/g++/std/complext.h:368: illegal external declaration, missing `;' after `>'
/usr/include/gcc/darwin/2.95.2/g++/std/complext.h:369: undefined type, found `class'
/usr/include/gcc/darwin/2.95.2/g++/std/complext.h:369: illegal external declaration, missing `;' after `_FLT'
/usr/include/gcc/darwin/2.95.2/g++/std/complext.h:370: illegal external declaration, missing `;' after `>'
/usr/include/gcc/darwin/2.95.2/g++/std/complext.h:371: undefined type, found `class'
/usr/include/gcc/darwin/2.95.2/g++/std/complext.h:371: illegal external declaration, missing `;' after `_FLT'
/usr/include/gcc/darwin/2.95.2/g++/std/complext.h:372: illegal external declaration, missing `;' after `>'
/usr/include/gcc/darwin/2.95.2/g++/std/complext.h:373: undefined type, found `class'
/usr/include/gcc/darwin/2.95.2/g++/std/complext.h:373: illegal external declaration, missing `;' after `_FLT'
/usr/include/gcc/darwin/2.95.2/g++/std/complext.h:374: illegal external declaration, missing `;' after `>'
/usr/include/gcc/darwin/2.95.2/g++/std/complext.h:375: undefined type, found `class'
/usr/include/gcc/darwin/2.95.2/g++/std/complext.h:375: illegal external declaration, missing `;' after `_FLT'
/usr/include/gcc/darwin/2.95.2/g++/std/complext.h:376: illegal external declaration, missing `;' after `>'
/usr/include/gcc/darwin/2.95.2/g++/std/complext.h:376: illegal external declaration, missing `;' after `>'
/usr/include/gcc/darwin/2.95.2/g++/std/complext.h:377: undefined type, found `class'
/usr/include/gcc/darwin/2.95.2/g++/std/complext.h:377: illegal external declaration, missing `;' after `_FLT'
/usr/include/gcc/darwin/2.95.2/g++/std/complext.h:378: illegal external declaration, missing `;' after `>'
/usr/include/gcc/darwin/2.95.2/g++/std/complext.h:379: undefined type, found `class'
/usr/include/gcc/darwin/2.95.2/g++/std/complext.h:379: illegal external declaration, missing `;' after `_FLT'
/usr/include/gcc/darwin/2.95.2/g++/std/complext.h:380: illegal external declaration, missing `;' after `>'
/usr/include/gcc/darwin/2.95.2/g++/std/complext.h:380: illegal external declaration, missing `;' after `int'
/usr/include/gcc/darwin/2.95.2/g++/std/complext.h:381: undefined type, found `class'
/usr/include/gcc/darwin/2.95.2/g++/std/complext.h:381: illegal external declaration, missing `;' after `_FLT'
/usr/include/gcc/darwin/2.95.2/g++/std/complext.h:382: illegal external declaration, missing `;' after `>'
/usr/include/gcc/darwin/2.95.2/g++/std/complext.h:383: undefined type, found `class'
/usr/include/gcc/darwin/2.95.2/g++/std/complext.h:383: illegal external declaration, missing `;' after `_FLT'
/usr/include/gcc/darwin/2.95.2/g++/std/complext.h:384: illegal external declaration, missing `;' after `>'
/usr/include/gcc/darwin/2.95.2/g++/std/complext.h:385: undefined type, found `class'
/usr/include/gcc/darwin/2.95.2/g++/std/complext.h:385: illegal external declaration, missing `;' after `_FLT'
/usr/include/gcc/darwin/2.95.2/g++/std/complext.h:386: illegal external declaration, missing `;' after `>'
/usr/include/gcc/darwin/2.95.2/g++/std/complext.h:387: undefined type, found `class'
/usr/include/gcc/darwin/2.95.2/g++/std/complext.h:387: illegal external declaration, missing `;' after `_FLT'
/usr/include/gcc/darwin/2.95.2/g++/std/complext.h:388: illegal external declaration, missing `;' after `>'
/usr/include/gcc/darwin/2.95.2/g++/std/complext.h:390: undefined type, found `class'
/usr/include/gcc/darwin/2.95.2/g++/std/complext.h:390: illegal external declaration, missing `;' after `_FLT'
/usr/include/gcc/darwin/2.95.2/g++/std/complext.h:390: illegal external declaration, missing `;' after `istream'
/usr/include/gcc/darwin/2.95.2/g++/std/complext.h:390: illegal external declaration, missing `;' after `istream'
/usr/include/gcc/darwin/2.95.2/g++/std/complext.h:391: undefined type, found `class'
/usr/include/gcc/darwin/2.95.2/g++/std/complext.h:391: illegal external declaration, missing `;' after `_FLT'
/usr/include/gcc/darwin/2.95.2/g++/std/complext.h:391: illegal external declaration, missing `;' after `ostream'
/usr/include/gcc/darwin/2.95.2/g++/std/complext.h:391: illegal external declaration, missing `;' after `ostream'
/usr/include/gcc/darwin/2.95.2/g++/std/complext.h:391: illegal external declaration, missing `;' after `>'
/usr/include/gcc/darwin/2.95.2/g++/std/fcomplex.h:36: undefined type, found `class'
/usr/include/gcc/darwin/2.95.2/g++/std/fcomplex.h:36: illegal external declaration, missing `;' after `>'
/usr/include/gcc/darwin/2.95.2/g++/std/fcomplex.h:39: illegal external declaration, missing `;' after `,'
/usr/include/gcc/darwin/2.95.2/g++/std/fcomplex.h:39: illegal external declaration, missing `;' after `0'
/usr/include/gcc/darwin/2.95.2/g++/std/fcomplex.h:40: undefined type, found `explicit'
/usr/include/gcc/darwin/2.95.2/g++/std/fcomplex.h:40: syntax error, found `&'
/usr/include/gcc/darwin/2.95.2/g++/std/fcomplex.h:40: illegal function definition, found `)'
/usr/include/gcc/darwin/2.95.2/g++/std/fcomplex.h:41: undefined type, found `explicit'
/usr/include/gcc/darwin/2.95.2/g++/std/fcomplex.h:41: syntax error, found `&'
/usr/include/gcc/darwin/2.95.2/g++/std/fcomplex.h:41: illegal function definition, found `)'
/usr/include/gcc/darwin/2.95.2/g++/std/fcomplex.h:43: illegal external declaration, missing `;' after `complex'
/usr/include/gcc/darwin/2.95.2/g++/std/fcomplex.h:43: illegal external declaration, missing `;' after `complex'
/usr/include/gcc/darwin/2.95.2/g++/std/fcomplex.h:44: illegal external declaration, missing `;' after `complex'
/usr/include/gcc/darwin/2.95.2/g++/std/fcomplex.h:44: illegal external declaration, missing `;' after `complex'
/usr/include/gcc/darwin/2.95.2/g++/std/fcomplex.h:45: illegal external declaration, missing `;' after `complex'
/usr/include/gcc/darwin/2.95.2/g++/std/fcomplex.h:45: illegal external declaration, missing `;' after `complex'
/usr/include/gcc/darwin/2.95.2/g++/std/fcomplex.h:46: illegal external declaration, missing `;' after `complex'
/usr/include/gcc/darwin/2.95.2/g++/std/fcomplex.h:46: illegal external declaration, missing `;' after `complex'
/usr/include/gcc/darwin/2.95.2/g++/std/fcomplex.h:50: illegal external declaration, missing `;' after `private'
/usr/include/gcc/darwin/2.95.2/g++/std/fcomplex.h:53: undefined type, found `friend'
/usr/include/gcc/darwin/2.95.2/g++/std/fcomplex.h:53: illegal external declaration, missing `;' after `complex'
/usr/include/gcc/darwin/2.95.2/g++/std/fcomplex.h:53: undefined type, found `complex'
/usr/include/gcc/darwin/2.95.2/g++/std/fcomplex.h:53: illegal declaration, missing name, found `,'
/usr/include/gcc/darwin/2.95.2/g++/std/fcomplex.h:53: illegal external declaration, missing `;' after `complex'
/usr/include/gcc/darwin/2.95.2/g++/std/fcomplex.h:54: undefined type, found `friend'
/usr/include/gcc/darwin/2.95.2/g++/std/fcomplex.h:54: illegal external declaration, missing `;' after `complex'
/usr/include/gcc/darwin/2.95.2/g++/std/fcomplex.h:54: undefined type, found `complex'
/usr/include/gcc/darwin/2.95.2/g++/std/fcomplex.h:54: illegal declaration, missing name, found `,'
/usr/include/gcc/darwin/2.95.2/g++/std/fcomplex.h:54: illegal external declaration, missing `;' after `complex'
/usr/include/gcc/darwin/2.95.2/g++/std/fcomplex.h:55: undefined type, found `friend'
/usr/include/gcc/darwin/2.95.2/g++/std/fcomplex.h:55: illegal external declaration, missing `;' after `complex'
/usr/include/gcc/darwin/2.95.2/g++/std/fcomplex.h:55: undefined type, found `complex'
/usr/include/gcc/darwin/2.95.2/g++/std/fcomplex.h:55: illegal declaration, missing name, found `,'
/usr/include/gcc/darwin/2.95.2/g++/std/fcomplex.h:55: illegal external declaration, missing `;' after `complex'
/usr/include/gcc/darwin/2.95.2/g++/std/fcomplex.h:56: undefined type, found `friend'
/usr/include/gcc/darwin/2.95.2/g++/std/fcomplex.h:56: illegal external declaration, missing `;' after `complex'
/usr/include/gcc/darwin/2.95.2/g++/std/fcomplex.h:56: undefined type, found `complex'
/usr/include/gcc/darwin/2.95.2/g++/std/fcomplex.h:56: illegal declaration, missing name, found `,'
/usr/include/gcc/darwin/2.95.2/g++/std/fcomplex.h:56: illegal external declaration, missing `;' after `complex'
/usr/include/gcc/darwin/2.95.2/g++/std/fcomplex.h:59: undefined type, found `complex'
/usr/include/gcc/darwin/2.95.2/g++/std/fcomplex.h:59: illegal external declaration, missing `;' after `operator'
/usr/include/gcc/darwin/2.95.2/g++/std/fcomplex.h:59: undefined type, found `complex'
/usr/include/gcc/darwin/2.95.2/g++/std/fcomplex.h:59: syntax error, found `x'
/usr/include/gcc/darwin/2.95.2/g++/std/fcomplex.h:59: illegal method selector, found `)'
/usr/include/gcc/darwin/2.95.2/g++/std/fcomplex.h:60: illegal expression, found `<'
/usr/include/gcc/darwin/2.95.2/g++/std/fcomplex.h:60: illegal expression, found `>'
/usr/include/gcc/darwin/2.95.2/g++/std/fcomplex.h:61: illegal external declaration, missing `;' after `friend'
/usr/include/gcc/darwin/2.95.2/g++/std/fcomplex.h:61: undefined type, found `complex'
/usr/include/gcc/darwin/2.95.2/g++/std/fcomplex.h:61: illegal external declaration, missing `;' after `operator'
/usr/include/gcc/darwin/2.95.2/g++/std/fcomplex.h:61: syntax error, found `x'
/usr/include/gcc/darwin/2.95.2/g++/std/fcomplex.h:61: illegal method selector, found `)'
/usr/include/gcc/darwin/2.95.2/g++/std/fcomplex.h:62: illegal expression, found `<'
/usr/include/gcc/darwin/2.95.2/g++/std/fcomplex.h:62: illegal expression, found `>'
/usr/include/gcc/darwin/2.95.2/g++/std/fcomplex.h:63: illegal external declaration, missing `;' after `friend'
/usr/include/gcc/darwin/2.95.2/g++/std/fcomplex.h:63: undefined type, found `complex'
/usr/include/gcc/darwin/2.95.2/g++/std/fcomplex.h:63: illegal external declaration, missing `;' after `operator'
/usr/include/gcc/darwin/2.95.2/g++/std/fcomplex.h:63: undefined type, found `complex'
/usr/include/gcc/darwin/2.95.2/g++/std/fcomplex.h:63: syntax error, found `x'
/usr/include/gcc/darwin/2.95.2/g++/std/fcomplex.h:63: illegal method selector, found `)'
/usr/include/gcc/darwin/2.95.2/g++/std/fcomplex.h:64: illegal expression, found `<'
/usr/include/gcc/darwin/2.95.2/g++/std/fcomplex.h:64: illegal expression, found `>'
/usr/include/gcc/darwin/2.95.2/g++/std/fcomplex.h:65: illegal external declaration, missing `;' after `friend'
/usr/include/gcc/darwin/2.95.2/g++/std/fcomplex.h:65: undefined type, found `complex'
/usr/include/gcc/darwin/2.95.2/g++/std/fcomplex.h:65: illegal external declaration, missing `;' after `operator'
/usr/include/gcc/darwin/2.95.2/g++/std/fcomplex.h:65: syntax error, found `x'
/usr/include/gcc/darwin/2.95.2/g++/std/fcomplex.h:65: illegal method selector, found `)'
/usr/include/gcc/darwin/2.95.2/g++/std/fcomplex.h:66: illegal expression, found `<'
/usr/include/gcc/darwin/2.95.2/g++/std/fcomplex.h:66: illegal expression, found `>'
/usr/include/gcc/darwin/2.95.2/g++/std/fcomplex.h:67: illegal external declaration, missing `;' after `friend'
/usr/include/gcc/darwin/2.95.2/g++/std/fcomplex.h:67: undefined type, found `complex'
/usr/include/gcc/darwin/2.95.2/g++/std/fcomplex.h:67: illegal external declaration, missing `;' after `operator'
/usr/include/gcc/darwin/2.95.2/g++/std/fcomplex.h:67: illegal external declaration, missing `;' after `complex'
/usr/include/gcc/darwin/2.95.2/g++/std/fcomplex.h:67: illegal external declaration, missing `;' after `y'
/usr/include/gcc/darwin/2.95.2/g++/std/fcomplex.h:68: undefined type, found `operator'
/usr/include/gcc/darwin/2.95.2/g++/std/fcomplex.h:68: illegal external declaration, missing `;' after `*'
/usr/include/gcc/darwin/2.95.2/g++/std/fcomplex.h:69: undefined type, found `complex'
/usr/include/gcc/darwin/2.95.2/g++/std/fcomplex.h:69: illegal external declaration, missing `;' after `operator'
/usr/include/gcc/darwin/2.95.2/g++/std/fcomplex.h:69: illegal external declaration, missing `;' after `complex'
/usr/include/gcc/darwin/2.95.2/g++/std/fcomplex.h:70: undefined type, found `operator'
/usr/include/gcc/darwin/2.95.2/g++/std/fcomplex.h:70: illegal external declaration, missing `;' after `*'
/usr/include/gcc/darwin/2.95.2/g++/std/fcomplex.h:71: undefined type, found `complex'
/usr/include/gcc/darwin/2.95.2/g++/std/fcomplex.h:71: illegal external declaration, missing `;' after `operator'
/usr/include/gcc/darwin/2.95.2/g++/std/fcomplex.h:71: illegal external declaration, missing `;' after `complex'
/usr/include/gcc/darwin/2.95.2/g++/std/fcomplex.h:71: illegal external declaration, missing `;' after `y'
/usr/include/gcc/darwin/2.95.2/g++/std/fcomplex.h:73: undefined type, found `complex'
/usr/include/gcc/darwin/2.95.2/g++/std/fcomplex.h:73: illegal external declaration, missing `;' after `operator'
/usr/include/gcc/darwin/2.95.2/g++/std/fcomplex.h:73: illegal external declaration, missing `;' after `complex'
/usr/include/gcc/darwin/2.95.2/g++/std/fcomplex.h:75: undefined type, found `bool'
/usr/include/gcc/darwin/2.95.2/g++/std/fcomplex.h:75: illegal external declaration, missing `;' after `operator'
/usr/include/gcc/darwin/2.95.2/g++/std/fcomplex.h:75: illegal external declaration, missing `;' after `complex'
/usr/include/gcc/darwin/2.95.2/g++/std/fcomplex.h:75: illegal external declaration, missing `;' after `y'
/usr/include/gcc/darwin/2.95.2/g++/std/fcomplex.h:77: undefined type, found `bool'
/usr/include/gcc/darwin/2.95.2/g++/std/fcomplex.h:77: illegal external declaration, missing `;' after `operator'
/usr/include/gcc/darwin/2.95.2/g++/std/fcomplex.h:77: illegal external declaration, missing `;' after `complex'
/usr/include/gcc/darwin/2.95.2/g++/std/fcomplex.h:79: undefined type, found `bool'
/usr/include/gcc/darwin/2.95.2/g++/std/fcomplex.h:79: illegal external declaration, missing `;' after `operator'
/usr/include/gcc/darwin/2.95.2/g++/std/fcomplex.h:79: illegal external declaration, missing `;' after `complex'
/usr/include/gcc/darwin/2.95.2/g++/std/fcomplex.h:79: illegal external declaration, missing `;' after `y'
/usr/include/gcc/darwin/2.95.2/g++/std/fcomplex.h:81: undefined type, found `bool'
/usr/include/gcc/darwin/2.95.2/g++/std/fcomplex.h:81: illegal external declaration, missing `;' after `operator'
/usr/include/gcc/darwin/2.95.2/g++/std/fcomplex.h:81: illegal external declaration, missing `;' after `complex'
/usr/include/gcc/darwin/2.95.2/g++/std/dcomplex.h:36: undefined type, found `class'
/usr/include/gcc/darwin/2.95.2/g++/std/dcomplex.h:36: illegal external declaration, missing `;' after `>'
/usr/include/gcc/darwin/2.95.2/g++/std/dcomplex.h:39: illegal external declaration, missing `;' after `,'
/usr/include/gcc/darwin/2.95.2/g++/std/dcomplex.h:39: illegal external declaration, missing `;' after `0'
/usr/include/gcc/darwin/2.95.2/g++/std/dcomplex.h:40: illegal external declaration, missing `;' after `>'
/usr/include/gcc/darwin/2.95.2/g++/std/dcomplex.h:41: undefined type, found `explicit'
/usr/include/gcc/darwin/2.95.2/g++/std/dcomplex.h:41: syntax error, found `&'
/usr/include/gcc/darwin/2.95.2/g++/std/dcomplex.h:41: illegal function definition, found `)'
/usr/include/gcc/darwin/2.95.2/g++/std/dcomplex.h:43: illegal external declaration, missing `;' after `complex'
/usr/include/gcc/darwin/2.95.2/g++/std/dcomplex.h:43: illegal external declaration, missing `;' after `complex'
/usr/include/gcc/darwin/2.95.2/g++/std/dcomplex.h:44: illegal external declaration, missing `;' after `complex'
/usr/include/gcc/darwin/2.95.2/g++/std/dcomplex.h:44: illegal external declaration, missing `;' after `complex'
/usr/include/gcc/darwin/2.95.2/g++/std/dcomplex.h:45: illegal external declaration, missing `;' after `complex'
/usr/include/gcc/darwin/2.95.2/g++/std/dcomplex.h:45: illegal external declaration, missing `;' after `complex'
/usr/include/gcc/darwin/2.95.2/g++/std/dcomplex.h:46: illegal external declaration, missing `;' after `complex'
/usr/include/gcc/darwin/2.95.2/g++/std/dcomplex.h:46: illegal external declaration, missing `;' after `complex'
/usr/include/gcc/darwin/2.95.2/g++/std/dcomplex.h:50: illegal external declaration, missing `;' after `private'
/usr/include/gcc/darwin/2.95.2/g++/std/dcomplex.h:53: undefined type, found `friend'
/usr/include/gcc/darwin/2.95.2/g++/std/dcomplex.h:53: illegal external declaration, missing `;' after `complex'
/usr/include/gcc/darwin/2.95.2/g++/std/dcomplex.h:53: undefined type, found `complex'
/usr/include/gcc/darwin/2.95.2/g++/std/dcomplex.h:53: illegal declaration, missing name, found `,'
/usr/include/gcc/darwin/2.95.2/g++/std/dcomplex.h:53: illegal external declaration, missing `;' after `complex'
/usr/include/gcc/darwin/2.95.2/g++/std/dcomplex.h:54: undefined type, found `friend'
/usr/include/gcc/darwin/2.95.2/g++/std/dcomplex.h:54: illegal external declaration, missing `;' after `complex'
/usr/include/gcc/darwin/2.95.2/g++/std/dcomplex.h:54: undefined type, found `complex'
/usr/include/gcc/darwin/2.95.2/g++/std/dcomplex.h:54: illegal declaration, missing name, found `,'
/usr/include/gcc/darwin/2.95.2/g++/std/dcomplex.h:54: illegal external declaration, missing `;' after `complex'
/usr/include/gcc/darwin/2.95.2/g++/std/dcomplex.h:55: undefined type, found `friend'
/usr/include/gcc/darwin/2.95.2/g++/std/dcomplex.h:55: illegal external declaration, missing `;' after `complex'
/usr/include/gcc/darwin/2.95.2/g++/std/dcomplex.h:55: undefined type, found `complex'
/usr/include/gcc/darwin/2.95.2/g++/std/dcomplex.h:55: illegal declaration, missing name, found `,'
/usr/include/gcc/darwin/2.95.2/g++/std/dcomplex.h:55: illegal external declaration, missing `;' after `complex'
/usr/include/gcc/darwin/2.95.2/g++/std/dcomplex.h:56: undefined type, found `friend'
/usr/include/gcc/darwin/2.95.2/g++/std/dcomplex.h:56: illegal external declaration, missing `;' after `complex'
/usr/include/gcc/darwin/2.95.2/g++/std/dcomplex.h:56: undefined type, found `complex'
/usr/include/gcc/darwin/2.95.2/g++/std/dcomplex.h:56: illegal declaration, missing name, found `,'
/usr/include/gcc/darwin/2.95.2/g++/std/dcomplex.h:56: illegal external declaration, missing `;' after `complex'
/usr/include/gcc/darwin/2.95.2/g++/std/dcomplex.h:59: undefined type, found `complex'
/usr/include/gcc/darwin/2.95.2/g++/std/dcomplex.h:59: illegal external declaration, missing `;' after `operator'
/usr/include/gcc/darwin/2.95.2/g++/std/dcomplex.h:59: undefined type, found `complex'
/usr/include/gcc/darwin/2.95.2/g++/std/dcomplex.h:59: syntax error, found `x'
/usr/include/gcc/darwin/2.95.2/g++/std/dcomplex.h:59: illegal method selector, found `)'
/usr/include/gcc/darwin/2.95.2/g++/std/dcomplex.h:60: illegal expression, found `<'
/usr/include/gcc/darwin/2.95.2/g++/std/dcomplex.h:60: illegal expression, found `>'
/usr/include/gcc/darwin/2.95.2/g++/std/dcomplex.h:61: illegal external declaration, missing `;' after `friend'
/usr/include/gcc/darwin/2.95.2/g++/std/dcomplex.h:61: undefined type, found `complex'
/usr/include/gcc/darwin/2.95.2/g++/std/dcomplex.h:61: illegal external declaration, missing `;' after `operator'
/usr/include/gcc/darwin/2.95.2/g++/std/dcomplex.h:61: syntax error, found `x'
/usr/include/gcc/darwin/2.95.2/g++/std/dcomplex.h:61: illegal method selector, found `)'
/usr/include/gcc/darwin/2.95.2/g++/std/dcomplex.h:62: illegal expression, found `<'
/usr/include/gcc/darwin/2.95.2/g++/std/dcomplex.h:62: illegal expression, found `>'
/usr/include/gcc/darwin/2.95.2/g++/std/dcomplex.h:63: illegal external declaration, missing `;' after `friend'
/usr/include/gcc/darwin/2.95.2/g++/std/dcomplex.h:63: undefined type, found `complex'
/usr/include/gcc/darwin/2.95.2/g++/std/dcomplex.h:63: illegal external declaration, missing `;' after `operator'
/usr/include/gcc/darwin/2.95.2/g++/std/dcomplex.h:63: undefined type, found `complex'
/usr/include/gcc/darwin/2.95.2/g++/std/dcomplex.h:63: syntax error, found `x'
/usr/include/gcc/darwin/2.95.2/g++/std/dcomplex.h:63: illegal method selector, found `)'
/usr/include/gcc/darwin/2.95.2/g++/std/dcomplex.h:64: illegal expression, found `<'
/usr/include/gcc/darwin/2.95.2/g++/std/dcomplex.h:64: illegal expression, found `>'
/usr/include/gcc/darwin/2.95.2/g++/std/dcomplex.h:65: illegal external declaration, missing `;' after `friend'
/usr/include/gcc/darwin/2.95.2/g++/std/dcomplex.h:65: undefined type, found `complex'
/usr/include/gcc/darwin/2.95.2/g++/std/dcomplex.h:65: illegal external declaration, missing `;' after `operator'
/usr/include/gcc/darwin/2.95.2/g++/std/dcomplex.h:65: syntax error, found `x'
/usr/include/gcc/darwin/2.95.2/g++/std/dcomplex.h:65: illegal method selector, found `)'
/usr/include/gcc/darwin/2.95.2/g++/std/dcomplex.h:66: illegal expression, found `<'
/usr/include/gcc/darwin/2.95.2/g++/std/dcomplex.h:66: illegal expression, found `>'
/usr/include/gcc/darwin/2.95.2/g++/std/dcomplex.h:67: illegal external declaration, missing `;' after `friend'
/usr/include/gcc/darwin/2.95.2/g++/std/dcomplex.h:67: undefined type, found `complex'
/usr/include/gcc/darwin/2.95.2/g++/std/dcomplex.h:67: illegal external declaration, missing `;' after `operator'
/usr/include/gcc/darwin/2.95.2/g++/std/dcomplex.h:67: illegal external declaration, missing `;' after `complex'
/usr/include/gcc/darwin/2.95.2/g++/std/dcomplex.h:67: illegal external declaration, missing `;' after `y'
/usr/include/gcc/darwin/2.95.2/g++/std/dcomplex.h:68: undefined type, found `operator'
/usr/include/gcc/darwin/2.95.2/g++/std/dcomplex.h:68: illegal external declaration, missing `;' after `*'
/usr/include/gcc/darwin/2.95.2/g++/std/dcomplex.h:69: undefined type, found `complex'
/usr/include/gcc/darwin/2.95.2/g++/std/dcomplex.h:69: illegal external declaration, missing `;' after `operator'
/usr/include/gcc/darwin/2.95.2/g++/std/dcomplex.h:69: illegal external declaration, missing `;' after `complex'
/usr/include/gcc/darwin/2.95.2/g++/std/dcomplex.h:70: undefined type, found `operator'
/usr/include/gcc/darwin/2.95.2/g++/std/dcomplex.h:70: illegal external declaration, missing `;' after `*'
/usr/include/gcc/darwin/2.95.2/g++/std/dcomplex.h:71: undefined type, found `complex'
/usr/include/gcc/darwin/2.95.2/g++/std/dcomplex.h:71: illegal external declaration, missing `;' after `operator'
/usr/include/gcc/darwin/2.95.2/g++/std/dcomplex.h:71: illegal external declaration, missing `;' after `complex'
/usr/include/gcc/darwin/2.95.2/g++/std/dcomplex.h:71: illegal external declaration, missing `;' after `y'
/usr/include/gcc/darwin/2.95.2/g++/std/dcomplex.h:73: undefined type, found `complex'
/usr/include/gcc/darwin/2.95.2/g++/std/dcomplex.h:73: illegal external declaration, missing `;' after `operator'
/usr/include/gcc/darwin/2.95.2/g++/std/dcomplex.h:73: illegal external declaration, missing `;' after `complex'
/usr/include/gcc/darwin/2.95.2/g++/std/dcomplex.h:75: undefined type, found `bool'
/usr/include/gcc/darwin/2.95.2/g++/std/dcomplex.h:75: illegal external declaration, missing `;' after `operator'
/usr/include/gcc/darwin/2.95.2/g++/std/dcomplex.h:75: illegal external declaration, missing `;' after `complex'
/usr/include/gcc/darwin/2.95.2/g++/std/dcomplex.h:75: illegal external declaration, missing `;' after `y'
/usr/include/gcc/darwin/2.95.2/g++/std/dcomplex.h:77: undefined type, found `bool'
/usr/include/gcc/darwin/2.95.2/g++/std/dcomplex.h:77: illegal external declaration, missing `;' after `operator'
/usr/include/gcc/darwin/2.95.2/g++/std/dcomplex.h:77: illegal external declaration, missing `;' after `complex'
/usr/include/gcc/darwin/2.95.2/g++/std/dcomplex.h:79: undefined type, found `bool'
/usr/include/gcc/darwin/2.95.2/g++/std/dcomplex.h:79: illegal external declaration, missing `;' after `operator'
/usr/include/gcc/darwin/2.95.2/g++/std/dcomplex.h:79: illegal external declaration, missing `;' after `complex'
/usr/include/gcc/darwin/2.95.2/g++/std/dcomplex.h:79: illegal external declaration, missing `;' after `y'
/usr/include/gcc/darwin/2.95.2/g++/std/dcomplex.h:81: undefined type, found `bool'
/usr/include/gcc/darwin/2.95.2/g++/std/dcomplex.h:81: illegal external declaration, missing `;' after `operator'
/usr/include/gcc/darwin/2.95.2/g++/std/dcomplex.h:81: illegal external declaration, missing `;' after `complex'
/usr/include/gcc/darwin/2.95.2/g++/std/dcomplex.h:86: illegal external declaration, missing `;' after `>'
/usr/include/gcc/darwin/2.95.2/g++/std/dcomplex.h:86: illegal external declaration, missing `;' after `>'
/usr/include/gcc/darwin/2.95.2/g++/std/ldcomplex.h:36: undefined type, found `class'
/usr/include/gcc/darwin/2.95.2/g++/std/ldcomplex.h:36: illegal external declaration, missing `;' after `>'
/usr/include/gcc/darwin/2.95.2/g++/std/ldcomplex.h:39: illegal external declaration, missing `;' after `,'
/usr/include/gcc/darwin/2.95.2/g++/std/ldcomplex.h:39: illegal external declaration, missing `;' after `0'
/usr/include/gcc/darwin/2.95.2/g++/std/ldcomplex.h:40: illegal external declaration, missing `;' after `>'
/usr/include/gcc/darwin/2.95.2/g++/std/ldcomplex.h:41: illegal external declaration, missing `;' after `>'
/usr/include/gcc/darwin/2.95.2/g++/std/ldcomplex.h:43: illegal external declaration, missing `;' after `complex'
/usr/include/gcc/darwin/2.95.2/g++/std/ldcomplex.h:43: illegal external declaration, missing `;' after `complex'
/usr/include/gcc/darwin/2.95.2/g++/std/ldcomplex.h:44: illegal external declaration, missing `;' after `complex'
/usr/include/gcc/darwin/2.95.2/g++/std/ldcomplex.h:44: illegal external declaration, missing `;' after `complex'
/usr/include/gcc/darwin/2.95.2/g++/std/ldcomplex.h:45: illegal external declaration, missing `;' after `complex'
/usr/include/gcc/darwin/2.95.2/g++/std/ldcomplex.h:45: illegal external declaration, missing `;' after `complex'
/usr/include/gcc/darwin/2.95.2/g++/std/ldcomplex.h:46: illegal external declaration, missing `;' after `complex'
/usr/include/gcc/darwin/2.95.2/g++/std/ldcomplex.h:46: illegal external declaration, missing `;' after `complex'
/usr/include/gcc/darwin/2.95.2/g++/std/ldcomplex.h:50: illegal external declaration, missing `;' after `private'
/usr/include/gcc/darwin/2.95.2/g++/std/ldcomplex.h:53: undefined type, found `friend'
/usr/include/gcc/darwin/2.95.2/g++/std/ldcomplex.h:53: illegal external declaration, missing `;' after `complex'
/usr/include/gcc/darwin/2.95.2/g++/std/ldcomplex.h:53: undefined type, found `complex'
/usr/include/gcc/darwin/2.95.2/g++/std/ldcomplex.h:53: illegal declaration, missing name, found `,'
/usr/include/gcc/darwin/2.95.2/g++/std/ldcomplex.h:53: illegal external declaration, missing `;' after `complex'
/usr/include/gcc/darwin/2.95.2/g++/std/ldcomplex.h:54: undefined type, found `friend'
/usr/include/gcc/darwin/2.95.2/g++/std/ldcomplex.h:54: illegal external declaration, missing `;' after `complex'
/usr/include/gcc/darwin/2.95.2/g++/std/ldcomplex.h:54: undefined type, found `complex'
/usr/include/gcc/darwin/2.95.2/g++/std/ldcomplex.h:54: illegal declaration, missing name, found `,'
/usr/include/gcc/darwin/2.95.2/g++/std/ldcomplex.h:54: illegal external declaration, missing `;' after `complex'
/usr/include/gcc/darwin/2.95.2/g++/std/ldcomplex.h:55: undefined type, found `friend'
/usr/include/gcc/darwin/2.95.2/g++/std/ldcomplex.h:55: illegal external declaration, missing `;' after `complex'
/usr/include/gcc/darwin/2.95.2/g++/std/ldcomplex.h:55: undefined type, found `complex'
/usr/include/gcc/darwin/2.95.2/g++/std/ldcomplex.h:55: illegal declaration, missing name, found `,'
/usr/include/gcc/darwin/2.95.2/g++/std/ldcomplex.h:55: illegal external declaration, missing `;' after `complex'
/usr/include/gcc/darwin/2.95.2/g++/std/ldcomplex.h:56: undefined type, found `friend'
/usr/include/gcc/darwin/2.95.2/g++/std/ldcomplex.h:56: illegal external declaration, missing `;' after `complex'
/usr/include/gcc/darwin/2.95.2/g++/std/ldcomplex.h:56: undefined type, found `complex'
/usr/include/gcc/darwin/2.95.2/g++/std/ldcomplex.h:56: illegal declaration, missing name, found `,'
/usr/include/gcc/darwin/2.95.2/g++/std/ldcomplex.h:56: illegal external declaration, missing `;' after `complex'
/usr/include/gcc/darwin/2.95.2/g++/std/ldcomplex.h:59: undefined type, found `complex'
/usr/include/gcc/darwin/2.95.2/g++/std/ldcomplex.h:59: illegal external declaration, missing `;' after `operator'
/usr/include/gcc/darwin/2.95.2/g++/std/ldcomplex.h:59: undefined type, found `complex'
/usr/include/gcc/darwin/2.95.2/g++/std/ldcomplex.h:59: syntax error, found `x'
/usr/include/gcc/darwin/2.95.2/g++/std/ldcomplex.h:59: illegal method selector, found `)'
/usr/include/gcc/darwin/2.95.2/g++/std/ldcomplex.h:60: illegal expression, found `<'
/usr/include/gcc/darwin/2.95.2/g++/std/ldcomplex.h:60: illegal expression, found `>'
/usr/include/gcc/darwin/2.95.2/g++/std/ldcomplex.h:61: illegal external declaration, missing `;' after `friend'
/usr/include/gcc/darwin/2.95.2/g++/std/ldcomplex.h:61: undefined type, found `complex'
/usr/include/gcc/darwin/2.95.2/g++/std/ldcomplex.h:61: illegal external declaration, missing `;' after `operator'
/usr/include/gcc/darwin/2.95.2/g++/std/ldcomplex.h:61: syntax error, found `x'
/usr/include/gcc/darwin/2.95.2/g++/std/ldcomplex.h:61: illegal method selector, found `)'
/usr/include/gcc/darwin/2.95.2/g++/std/ldcomplex.h:62: illegal expression, found `<'
/usr/include/gcc/darwin/2.95.2/g++/std/ldcomplex.h:62: illegal expression, found `>'
/usr/include/gcc/darwin/2.95.2/g++/std/ldcomplex.h:63: illegal external declaration, missing `;' after `friend'
/usr/include/gcc/darwin/2.95.2/g++/std/ldcomplex.h:63: undefined type, found `complex'
/usr/include/gcc/darwin/2.95.2/g++/std/ldcomplex.h:63: illegal external declaration, missing `;' after `operator'
/usr/include/gcc/darwin/2.95.2/g++/std/ldcomplex.h:63: undefined type, found `complex'
/usr/include/gcc/darwin/2.95.2/g++/std/ldcomplex.h:63: syntax error, found `x'
/usr/include/gcc/darwin/2.95.2/g++/std/ldcomplex.h:63: illegal method selector, found `)'
/usr/include/gcc/darwin/2.95.2/g++/std/ldcomplex.h:64: illegal expression, found `<'
/usr/include/gcc/darwin/2.95.2/g++/std/ldcomplex.h:64: illegal expression, found `>'
/usr/include/gcc/darwin/2.95.2/g++/std/ldcomplex.h:65: illegal external declaration, missing `;' after `friend'
/usr/include/gcc/darwin/2.95.2/g++/std/ldcomplex.h:65: undefined type, found `complex'
/usr/include/gcc/darwin/2.95.2/g++/std/ldcomplex.h:65: illegal external declaration, missing `;' after `operator'
/usr/include/gcc/darwin/2.95.2/g++/std/ldcomplex.h:65: syntax error, found `x'
/usr/include/gcc/darwin/2.95.2/g++/std/ldcomplex.h:65: illegal method selector, found `)'
/usr/include/gcc/darwin/2.95.2/g++/std/ldcomplex.h:66: illegal expression, found `<'
/usr/include/gcc/darwin/2.95.2/g++/std/ldcomplex.h:66: illegal expression, found `>'
/usr/include/gcc/darwin/2.95.2/g++/std/ldcomplex.h:67: illegal external declaration, missing `;' after `friend'
/usr/include/gcc/darwin/2.95.2/g++/std/ldcomplex.h:67: undefined type, found `complex'
/usr/include/gcc/darwin/2.95.2/g++/std/ldcomplex.h:67: illegal external declaration, missing `;' after `operator'
/usr/include/gcc/darwin/2.95.2/g++/std/ldcomplex.h:67: illegal external declaration, missing `;' after `complex'
/usr/include/gcc/darwin/2.95.2/g++/std/ldcomplex.h:67: illegal external declaration, missing `;' after `y'
/usr/include/gcc/darwin/2.95.2/g++/std/ldcomplex.h:68: undefined type, found `operator'
/usr/include/gcc/darwin/2.95.2/g++/std/ldcomplex.h:68: illegal external declaration, missing `;' after `*'
/usr/include/gcc/darwin/2.95.2/g++/std/ldcomplex.h:69: undefined type, found `complex'
/usr/include/gcc/darwin/2.95.2/g++/std/ldcomplex.h:69: illegal external declaration, missing `;' after `operator'
/usr/include/gcc/darwin/2.95.2/g++/std/ldcomplex.h:69: illegal external declaration, missing `;' after `complex'
/usr/include/gcc/darwin/2.95.2/g++/std/ldcomplex.h:70: undefined type, found `operator'
/usr/include/gcc/darwin/2.95.2/g++/std/ldcomplex.h:70: illegal external declaration, missing `;' after `*'
/usr/include/gcc/darwin/2.95.2/g++/std/ldcomplex.h:71: undefined type, found `complex'
/usr/include/gcc/darwin/2.95.2/g++/std/ldcomplex.h:71: illegal external declaration, missing `;' after `operator'
/usr/include/gcc/darwin/2.95.2/g++/std/ldcomplex.h:71: illegal external declaration, missing `;' after `complex'
/usr/include/gcc/darwin/2.95.2/g++/std/ldcomplex.h:71: illegal external declaration, missing `;' after `y'
/usr/include/gcc/darwin/2.95.2/g++/std/ldcomplex.h:73: undefined type, found `complex'
/usr/include/gcc/darwin/2.95.2/g++/std/ldcomplex.h:73: illegal external declaration, missing `;' after `operator'
/usr/include/gcc/darwin/2.95.2/g++/std/ldcomplex.h:73: illegal external declaration, missing `;' after `complex'
/usr/include/gcc/darwin/2.95.2/g++/std/ldcomplex.h:75: undefined type, found `bool'
/usr/include/gcc/darwin/2.95.2/g++/std/ldcomplex.h:75: illegal external declaration, missing `;' after `operator'
/usr/include/gcc/darwin/2.95.2/g++/std/ldcomplex.h:75: illegal external declaration, missing `;' after `complex'
/usr/include/gcc/darwin/2.95.2/g++/std/ldcomplex.h:75: illegal external declaration, missing `;' after `y'
/usr/include/gcc/darwin/2.95.2/g++/std/ldcomplex.h:77: undefined type, found `bool'
/usr/include/gcc/darwin/2.95.2/g++/std/ldcomplex.h:77: illegal external declaration, missing `;' after `operator'
/usr/include/gcc/darwin/2.95.2/g++/std/ldcomplex.h:77: illegal external declaration, missing `;' after `complex'
/usr/include/gcc/darwin/2.95.2/g++/std/ldcomplex.h:79: undefined type, found `bool'
/usr/include/gcc/darwin/2.95.2/g++/std/ldcomplex.h:79: illegal external declaration, missing `;' after `operator'
/usr/include/gcc/darwin/2.95.2/g++/std/ldcomplex.h:79: illegal external declaration, missing `;' after `complex'
/usr/include/gcc/darwin/2.95.2/g++/std/ldcomplex.h:79: illegal external declaration, missing `;' after `y'
/usr/include/gcc/darwin/2.95.2/g++/std/ldcomplex.h:81: undefined type, found `bool'
/usr/include/gcc/darwin/2.95.2/g++/std/ldcomplex.h:81: illegal external declaration, missing `;' after `operator'
/usr/include/gcc/darwin/2.95.2/g++/std/ldcomplex.h:81: illegal external declaration, missing `;' after `complex'
/usr/include/gcc/darwin/2.95.2/g++/std/ldcomplex.h:86: illegal external declaration, missing `;' after `>'
/usr/include/gcc/darwin/2.95.2/g++/std/ldcomplex.h:86: illegal external declaration, missing `;' after `>'
/usr/include/gcc/darwin/2.95.2/g++/std/ldcomplex.h:90: illegal external declaration, missing `;' after `>'
/usr/include/gcc/darwin/2.95.2/g++/std/ldcomplex.h:90: illegal external declaration, missing `;' after `>'
/usr/include/gcc/darwin/2.95.2/g++/complex:13: illegal external declaration, missing `;' after `>'
/usr/include/gcc/darwin/2.95.2/g++/complex:14: illegal external declaration, missing `;' after `complex'
/usr/include/gcc/darwin/2.95.2/g++/complex:14: illegal external declaration, missing `;' after `double'
/usr/include/gcc/darwin/2.95.2/g++/complex:15: illegal external declaration, missing `;' after `complex'
/usr/include/gcc/darwin/2.95.2/g++/complex:15: illegal external declaration, missing `;' after `double'
cpp-precomp: warning: errors during smart preprocessing, retrying in basic mode
In file included from /usr/include/gcc/darwin/2.95.2/g++/std/complext.h:34,
                 from /usr/include/gcc/darwin/2.95.2/g++/complex:7,
                 from /usr/include/gcc/darwin/2.95.2/g++/complex.h:5,
                 from machine.h:122,
                 from matrix.h:37,
                 from copy.c:29:
/usr/include/gcc/darwin/2.95.2/g++/cmath:13: parse error before string constant
/usr/include/gcc/darwin/2.95.2/g++/cmath:42: warning: conflicting types for built-in function `abs'
/usr/include/gcc/darwin/2.95.2/g++/cmath:72: conflicting types for `abs'
/usr/include/gcc/darwin/2.95.2/g++/cmath:42: previous declaration of `abs'
/usr/include/gcc/darwin/2.95.2/g++/cmath:74: parse error before `}'
In file included from /usr/include/gcc/darwin/2.95.2/g++/complex:7,
                 from /usr/include/gcc/darwin/2.95.2/g++/complex.h:5,
                 from machine.h:122,
                 from matrix.h:37,
                 from copy.c:29:
/usr/include/gcc/darwin/2.95.2/g++/std/complext.h:40: warning: data definition has no type or storage class
/usr/include/gcc/darwin/2.95.2/g++/std/complext.h:41: parse error before `ostream'
/usr/include/gcc/darwin/2.95.2/g++/std/complext.h:41: warning: data definition has no type or storage class
/usr/include/gcc/darwin/2.95.2/g++/std/complext.h:43: parse error before string constant
/usr/include/gcc/darwin/2.95.2/g++/std/complext.h:45: syntax error before `<'
/usr/include/gcc/darwin/2.95.2/g++/std/complext.h:47: syntax error before `<'
/usr/include/gcc/darwin/2.95.2/g++/std/complext.h:49: syntax error before `<'
/usr/include/gcc/darwin/2.95.2/g++/std/complext.h:51: syntax error before `<'
/usr/include/gcc/darwin/2.95.2/g++/std/complext.h:54: syntax error before `<'
/usr/include/gcc/darwin/2.95.2/g++/std/complext.h: In function `real':
/usr/include/gcc/darwin/2.95.2/g++/std/complext.h:63: parse error before `{'
/usr/include/gcc/darwin/2.95.2/g++/std/complext.h:64: `im' undeclared (first use in this function)
/usr/include/gcc/darwin/2.95.2/g++/std/complext.h:64: (Each undeclared identifier is reported only once
/usr/include/gcc/darwin/2.95.2/g++/std/complext.h:64: for each function it appears in.)
/usr/include/gcc/darwin/2.95.2/g++/std/complext.h: At top level:
/usr/include/gcc/darwin/2.95.2/g++/std/complext.h:65: parse error before `:'
/usr/include/gcc/darwin/2.95.2/g++/std/complext.h:75: parse error before `complex'
/usr/include/gcc/darwin/2.95.2/g++/std/complext.h:75: syntax error before `<'
/usr/include/gcc/darwin/2.95.2/g++/std/complext.h:76: syntax error before `<'
/usr/include/gcc/darwin/2.95.2/g++/std/complext.h:77: syntax error before `<'
/usr/include/gcc/darwin/2.95.2/g++/std/complext.h:79: syntax error before `<'
/usr/include/gcc/darwin/2.95.2/g++/std/complext.h:87: syntax error before `<'
/usr/include/gcc/darwin/2.95.2/g++/std/complext.h:94: syntax error before `<'
/usr/include/gcc/darwin/2.95.2/g++/std/complext.h:102: syntax error before `<'
/usr/include/gcc/darwin/2.95.2/g++/std/complext.h:109: syntax error before `<'
/usr/include/gcc/darwin/2.95.2/g++/std/complext.h:118: syntax error before `<'
/usr/include/gcc/darwin/2.95.2/g++/std/complext.h:125: syntax error before `<'
/usr/include/gcc/darwin/2.95.2/g++/std/complext.h:132: syntax error before `<'
/usr/include/gcc/darwin/2.95.2/g++/std/complext.h:135: syntax error before `<'
/usr/include/gcc/darwin/2.95.2/g++/std/complext.h:141: syntax error before `<'
/usr/include/gcc/darwin/2.95.2/g++/std/complext.h:144: syntax error before `<'
/usr/include/gcc/darwin/2.95.2/g++/std/complext.h:150: syntax error before `<'
/usr/include/gcc/darwin/2.95.2/g++/std/complext.h:153: syntax error before `<'
/usr/include/gcc/darwin/2.95.2/g++/std/complext.h:159: syntax error before `<'
/usr/include/gcc/darwin/2.95.2/g++/std/complext.h:162: syntax error before `<'
/usr/include/gcc/darwin/2.95.2/g++/std/complext.h:168: syntax error before `<'
/usr/include/gcc/darwin/2.95.2/g++/std/complext.h:171: syntax error before `<'
/usr/include/gcc/darwin/2.95.2/g++/std/complext.h:177: syntax error before `<'
/usr/include/gcc/darwin/2.95.2/g++/std/complext.h:180: syntax error before `<'
/usr/include/gcc/darwin/2.95.2/g++/std/complext.h:186: syntax error before `<'
/usr/include/gcc/darwin/2.95.2/g++/std/complext.h:189: syntax error before `<'
/usr/include/gcc/darwin/2.95.2/g++/std/complext.h:195: syntax error before `<'
/usr/include/gcc/darwin/2.95.2/g++/std/complext.h:198: syntax error before `<'
/usr/include/gcc/darwin/2.95.2/g++/std/complext.h:204: syntax error before `<'
/usr/include/gcc/darwin/2.95.2/g++/std/complext.h:207: syntax error before `<'
/usr/include/gcc/darwin/2.95.2/g++/std/complext.h:214: syntax error before `<'
/usr/include/gcc/darwin/2.95.2/g++/std/complext.h:217: syntax error before `<'
/usr/include/gcc/darwin/2.95.2/g++/std/complext.h:223: syntax error before `<'
/usr/include/gcc/darwin/2.95.2/g++/std/complext.h:226: syntax error before `<'
/usr/include/gcc/darwin/2.95.2/g++/std/complext.h:232: syntax error before `<'
/usr/include/gcc/darwin/2.95.2/g++/std/complext.h:235: syntax error before `<'
/usr/include/gcc/darwin/2.95.2/g++/std/complext.h:241: syntax error before `<'
/usr/include/gcc/darwin/2.95.2/g++/std/complext.h:244: syntax error before `<'
/usr/include/gcc/darwin/2.95.2/g++/std/complext.h:250: syntax error before `<'
/usr/include/gcc/darwin/2.95.2/g++/std/complext.h:253: syntax error before `<'
/usr/include/gcc/darwin/2.95.2/g++/std/complext.h:259: syntax error before `<'
/usr/include/gcc/darwin/2.95.2/g++/std/complext.h:262: syntax error before `<'
/usr/include/gcc/darwin/2.95.2/g++/std/complext.h:268: syntax error before `<'
/usr/include/gcc/darwin/2.95.2/g++/std/complext.h:271: syntax error before `<'
/usr/include/gcc/darwin/2.95.2/g++/std/complext.h:277: syntax error before `<'
/usr/include/gcc/darwin/2.95.2/g++/std/complext.h:280: syntax error before `<'
/usr/include/gcc/darwin/2.95.2/g++/std/complext.h:286: syntax error before `<'
/usr/include/gcc/darwin/2.95.2/g++/std/complext.h:289: syntax error before `<'
/usr/include/gcc/darwin/2.95.2/g++/std/complext.h:295: syntax error before `<'
/usr/include/gcc/darwin/2.95.2/g++/std/complext.h:298: syntax error before `<'
/usr/include/gcc/darwin/2.95.2/g++/std/complext.h:304: syntax error before `<'
/usr/include/gcc/darwin/2.95.2/g++/std/complext.h:307: syntax error before `<'
/usr/include/gcc/darwin/2.95.2/g++/std/complext.h:316: syntax error before `<'
/usr/include/gcc/darwin/2.95.2/g++/std/complext.h:319: syntax error before `<'
/usr/include/gcc/darwin/2.95.2/g++/std/complext.h:325: syntax error before `<'
/usr/include/gcc/darwin/2.95.2/g++/std/complext.h:328: syntax error before `<'
/usr/include/gcc/darwin/2.95.2/g++/std/complext.h:334: syntax error before `<'
/usr/include/gcc/darwin/2.95.2/g++/std/complext.h:337: syntax error before `<'
/usr/include/gcc/darwin/2.95.2/g++/std/complext.h:343: syntax error before `<'
/usr/include/gcc/darwin/2.95.2/g++/std/complext.h:346: syntax error before `<'
/usr/include/gcc/darwin/2.95.2/g++/std/complext.h:352: syntax error before `<'
/usr/include/gcc/darwin/2.95.2/g++/std/complext.h:355: syntax error before `<'
/usr/include/gcc/darwin/2.95.2/g++/std/complext.h:363: syntax error before `<'
/usr/include/gcc/darwin/2.95.2/g++/std/complext.h:365: syntax error before `<'
/usr/include/gcc/darwin/2.95.2/g++/std/complext.h:367: syntax error before `<'
/usr/include/gcc/darwin/2.95.2/g++/std/complext.h:369: syntax error before `<'
/usr/include/gcc/darwin/2.95.2/g++/std/complext.h:371: syntax error before `<'
/usr/include/gcc/darwin/2.95.2/g++/std/complext.h:373: syntax error before `<'
/usr/include/gcc/darwin/2.95.2/g++/std/complext.h:375: syntax error before `<'
/usr/include/gcc/darwin/2.95.2/g++/std/complext.h:377: syntax error before `<'
/usr/include/gcc/darwin/2.95.2/g++/std/complext.h:379: syntax error before `<'
/usr/include/gcc/darwin/2.95.2/g++/std/complext.h:381: syntax error before `<'
/usr/include/gcc/darwin/2.95.2/g++/std/complext.h:383: syntax error before `<'
/usr/include/gcc/darwin/2.95.2/g++/std/complext.h:385: syntax error before `<'
/usr/include/gcc/darwin/2.95.2/g++/std/complext.h:387: syntax error before `<'
/usr/include/gcc/darwin/2.95.2/g++/std/complext.h:390: syntax error before `<'
/usr/include/gcc/darwin/2.95.2/g++/std/complext.h:391: syntax error before `<'
In file included from /usr/include/gcc/darwin/2.95.2/g++/std/complext.h:396,
                 from /usr/include/gcc/darwin/2.95.2/g++/complex:7,
                 from /usr/include/gcc/darwin/2.95.2/g++/complex.h:5,
                 from machine.h:122,
                 from matrix.h:37,
                 from copy.c:29:
/usr/include/gcc/darwin/2.95.2/g++/std/fcomplex.h:40: parse error before `<'
/usr/include/gcc/darwin/2.95.2/g++/std/fcomplex.h:40: warning: data definition has no type or storage class
/usr/include/gcc/darwin/2.95.2/g++/std/fcomplex.h:41: parse error before `complex'
/usr/include/gcc/darwin/2.95.2/g++/std/fcomplex.h:41: parse error before `<'
/usr/include/gcc/darwin/2.95.2/g++/std/fcomplex.h:41: warning: data definition has no type or storage class
/usr/include/gcc/darwin/2.95.2/g++/std/fcomplex.h:43: parse error before `&'
/usr/include/gcc/darwin/2.95.2/g++/std/fcomplex.h:48: conflicting types for `real'
/usr/include/gcc/darwin/2.95.2/g++/std/complext.h:63: previous declaration of `real'
/usr/include/gcc/darwin/2.95.2/g++/std/fcomplex.h: In function `real':
/usr/include/gcc/darwin/2.95.2/g++/std/fcomplex.h:48: parse error before `{'
/usr/include/gcc/darwin/2.95.2/g++/std/fcomplex.h: At top level:
/usr/include/gcc/darwin/2.95.2/g++/std/fcomplex.h:50: parse error before `:'
/usr/include/gcc/darwin/2.95.2/g++/std/fcomplex.h:59: syntax error before `inline'
/usr/include/gcc/darwin/2.95.2/g++/std/fcomplex.h:59: method definition not in class context
make: *** [copy.o] Error 1
